<?xml version="1.0" encoding="UTF-8"?>
<!-- Generated by org.testng.reporters.JUnitReportReporter -->
<testsuite hostname="xmchelap058" name="test.java.ListingDetailsTest" tests="1" failures="0" timestamp="26 Jan 2018 09:06:32 GMT" time="38.152" errors="0">
  <testcase name="booksSearchtest" time="38.152" classname="test.java.ListingDetailsTest"/>
</testsuite> <!-- test.java.ListingDetailsTest -->
